<?xml version="1.0" encoding="UTF-8"?>
<!-- Generated by org.testng.reporters.JUnitReportReporter -->
<testsuite hostname="AHMEDs-MacBook-Air.local" failures="0" tests="7" name="test.AmazonSerachTests" time="15.957" errors="0" timestamp="2022-01-22T14:16:41 EST" skipped="0">
  <testcase classname="test.AmazonSerachTests" name="objectData" time="2.104"/>
  <system-out/>
  <testcase classname="test.AmazonSerachTests" name="objectData" time="2.147"/>
  <system-out/>
  <testcase classname="test.AmazonSerachTests" name="objectData" time="2.137"/>
  <system-out/>
  <testcase classname="test.AmazonSerachTests" name="objectData" time="2.078"/>
  <system-out/>
  <testcase classname="test.AmazonSerachTests" name="objectData" time="2.219"/>
  <system-out/>
  <testcase classname="test.AmazonSerachTests" name="objectData" time="1.980"/>
  <system-out/>
  <testcase classname="test.AmazonSerachTests" name="objectData" time="3.292"/>
  <system-out/>
</testsuite> <!-- test.AmazonSerachTests -->
