<?xml version="1.0" encoding="UTF-8"?>
<!-- Generated by org.testng.reporters.JUnitReportReporter -->
<testsuite hostname="AHMEDs-MacBook-Air.local" failures="0" tests="13" name="test.AmazonSerachWithExcel" time="180.843" errors="0" timestamp="2022-01-22T15:10:40 EST" skipped="0">
  <testcase classname="test.AmazonSerachWithExcel" name="amazonSearchWithExcel" time="26.994"/>
  <system-out/>
  <testcase classname="test.AmazonSerachWithExcel" name="amazonSearchWithExcel" time="31.134"/>
  <system-out/>
  <testcase classname="test.AmazonSerachWithExcel" name="amazonSearchWithExcel" time="8.240"/>
  <system-out/>
  <testcase classname="test.AmazonSerachWithExcel" name="amazonSearchWithExcel" time="11.836"/>
  <system-out/>
  <testcase classname="test.AmazonSerachWithExcel" name="amazonSearchWithExcel" time="17.697"/>
  <system-out/>
  <testcase classname="test.AmazonSerachWithExcel" name="amazonSearchWithExcel" time="13.780"/>
  <system-out/>
  <testcase classname="test.AmazonSerachWithExcel" name="amazonSearchWithExcel" time="9.297"/>
  <system-out/>
  <testcase classname="test.AmazonSerachWithExcel" name="amazonSearchWithExcel" time="9.268"/>
  <system-out/>
  <testcase classname="test.AmazonSerachWithExcel" name="amazonSearchWithExcel" time="12.239"/>
  <system-out/>
  <testcase classname="test.AmazonSerachWithExcel" name="amazonSearchWithExcel" time="9.298"/>
  <system-out/>
  <testcase classname="test.AmazonSerachWithExcel" name="amazonSearchWithExcel" time="11.008"/>
  <system-out/>
  <testcase classname="test.AmazonSerachWithExcel" name="amazonSearchWithExcel" time="9.327"/>
  <system-out/>
  <testcase classname="test.AmazonSerachWithExcel" name="amazonSearchWithExcel" time="10.725"/>
  <system-out/>
</testsuite> <!-- test.AmazonSerachWithExcel -->
